Using pre-set license
Built from '2020.3/staging' branch; Version is '2020.3.19f1 (68f137dc9bbe) revision 6877495'; Using compiler version '192528614'; Build Type 'Release'
OS: 'Windows 10 Home Single Language; OS build 19042.1348; Version 2009; 64bit' Language: 'es' Physical Memory: 12168 MB
BatchMode: 1, IsHumanControllingUs: 0, StartBugReporterOnCrash: 0, Is64bit: 1, IsPro: 0

COMMAND LINE ARGUMENTS:
C:\Program Files\Unity\Hub\Editor\2020.3.19f1\Editor\Unity.exe
-adb2
-batchMode
-noUpm
-name
AssetImportWorker1
-projectPath
D:/TrasLaPantalla/TrasLaPantalla/TrasLaPantalla
-logFile
Logs/AssetImportWorker1.log
-srvPort
51707
Successfully changed project path to: D:/TrasLaPantalla/TrasLaPantalla/TrasLaPantalla
D:/TrasLaPantalla/TrasLaPantalla/TrasLaPantalla
Using Asset Import Pipeline V2.
Refreshing native plugins compatible for Editor in 52.79 ms, found 3 plugins.
Preloading 0 native plugins for Editor in 0.00 ms.
Initialize engine version: 2020.3.19f1 (68f137dc9bbe)
[Subsystems] Discovering subsystems at path C:/Program Files/Unity/Hub/Editor/2020.3.19f1/Editor/Data/Resources/UnitySubsystems
[Subsystems] Discovering subsystems at path D:/TrasLaPantalla/TrasLaPantalla/TrasLaPantalla/Assets
GfxDevice: creating device client; threaded=0
Direct3D:
    Version:  Direct3D 11.0 [level 11.1]
    Renderer: NVIDIA GeForce MX150 (ID=0x1d10)
    Vendor:   
    VRAM:     4027 MB
    Driver:   27.21.14.6280
Initialize mono
Mono path[0] = 'C:/Program Files/Unity/Hub/Editor/2020.3.19f1/Editor/Data/Managed'
Mono path[1] = 'C:/Program Files/Unity/Hub/Editor/2020.3.19f1/Editor/Data/MonoBleedingEdge/lib/mono/unityjit'
Mono config path = 'C:/Program Files/Unity/Hub/Editor/2020.3.19f1/Editor/Data/MonoBleedingEdge/etc'
Using monoOptions --debugger-agent=transport=dt_socket,embedding=1,server=y,suspend=n,address=127.0.0.1:56156
Begin MonoManager ReloadAssembly
Registering precompiled unity dll's ...
Register platform support module: C:/Program Files/Unity/Hub/Editor/2020.3.19f1/Editor/Data/PlaybackEngines/WindowsStandaloneSupport/UnityEditor.WindowsStandalone.Extensions.dll
Registered in 0.003632 seconds.
Native extension for WindowsStandalone target not found
Refreshing native plugins compatible for Editor in 52.76 ms, found 3 plugins.
Preloading 0 native plugins for Editor in 0.00 ms.
Mono: successfully reloaded assembly
- Completed reload, in  1.597 seconds
Domain Reload Profiling:
	ReloadAssembly (1598ms)
		BeginReloadAssembly (77ms)
			ExecutionOrderSort (0ms)
			DisableScriptedObjects (0ms)
			BackupInstance (0ms)
			ReleaseScriptingObjects (0ms)
			CreateAndSetChildDomain (1ms)
		EndReloadAssembly (549ms)
			LoadAssemblies (73ms)
			RebuildTransferFunctionScriptingTraits (0ms)
			SetupTypeCache (200ms)
			ReleaseScriptCaches (0ms)
			RebuildScriptCaches (38ms)
			SetupLoadedEditorAssemblies (220ms)
				LogAssemblyErrors (0ms)
				InitializePlatformSupportModulesInManaged (4ms)
				SetLoadedEditorAssemblies (0ms)
				RefreshPlugins (53ms)
				BeforeProcessingInitializeOnLoad (19ms)
				ProcessInitializeOnLoadAttributes (105ms)
				ProcessInitializeOnLoadMethodAttributes (38ms)
				AfterProcessingInitializeOnLoad (0ms)
				EditorAssembliesLoaded (0ms)
			ExecutionOrderSort2 (0ms)
			AwakeInstancesAfterBackupRestoration (0ms)
Platform modules already initialized, skipping
Registering precompiled user dll's ...
Registered in 0.003642 seconds.
Begin MonoManager ReloadAssembly
Symbol file data-000002C9F9CB3C30 doesn't match image D:\TrasLaPantalla\TrasLaPantalla\TrasLaPantalla\Library\ScriptAssemblies\Unity.VSCode.Editor.dll
Symbol file LoadedFromMemory is not a mono symbol file
Symbol file data-000002C9F9CC3200 doesn't match image D:\TrasLaPantalla\TrasLaPantalla\TrasLaPantalla\Library\ScriptAssemblies\Unity.TextMeshPro.Editor.dll
Symbol file LoadedFromMemory is not a mono symbol file
Symbol file data-000002C9FA1FE9B0 doesn't match image D:\TrasLaPantalla\TrasLaPantalla\TrasLaPantalla\Library\ScriptAssemblies\Unity.VisualStudio.Editor.dll
Symbol file LoadedFromMemory is not a mono symbol file
Symbol file data-000002C9F9D90250 doesn't match image D:\TrasLaPantalla\TrasLaPantalla\TrasLaPantalla\Library\ScriptAssemblies\UnityEngine.TestRunner.dll
Symbol file LoadedFromMemory is not a mono symbol file
Symbol file data-000002C9F6087C70 doesn't match image D:\TrasLaPantalla\TrasLaPantalla\TrasLaPantalla\Library\ScriptAssemblies\Unity.Timeline.dll
Symbol file LoadedFromMemory is not a mono symbol file
Symbol file data-000002C9F5A13F20 doesn't match image D:\TrasLaPantalla\TrasLaPantalla\TrasLaPantalla\Library\ScriptAssemblies\Unity.TextMeshPro.dll
Symbol file LoadedFromMemory is not a mono symbol file
Symbol file data-000002C9F9CC3200 doesn't match image D:\TrasLaPantalla\TrasLaPantalla\TrasLaPantalla\Library\ScriptAssemblies\UnityEditor.TestRunner.dll
Symbol file LoadedFromMemory is not a mono symbol file
Symbol file data-000002C9FA1FE9B0 doesn't match image D:\TrasLaPantalla\TrasLaPantalla\TrasLaPantalla\Library\ScriptAssemblies\UnityEditor.UI.dll
Symbol file LoadedFromMemory is not a mono symbol file
Symbol file data-000002C9F5B2B030 doesn't match image D:\TrasLaPantalla\TrasLaPantalla\TrasLaPantalla\Library\ScriptAssemblies\Unity.PlasticSCM.Editor.dll
Symbol file LoadedFromMemory is not a mono symbol file
Symbol file data-000002C9FB034830 doesn't match image D:\TrasLaPantalla\TrasLaPantalla\TrasLaPantalla\Library\ScriptAssemblies\Unity.Rider.Editor.dll
Symbol file LoadedFromMemory is not a mono symbol file
Symbol file data-000002C9F5B3CC40 doesn't match image D:\TrasLaPantalla\TrasLaPantalla\TrasLaPantalla\Library\ScriptAssemblies\UnityEngine.UI.dll
Symbol file LoadedFromMemory is not a mono symbol file
Symbol file data-000002C9FA031010 doesn't match image D:\TrasLaPantalla\TrasLaPantalla\TrasLaPantalla\Library\ScriptAssemblies\Unity.Timeline.Editor.dll
Symbol file LoadedFromMemory is not a mono symbol file
Symbol file data-000002C9F9DE2A30 doesn't match image D:\TrasLaPantalla\TrasLaPantalla\TrasLaPantalla\Library\ScriptAssemblies\Unity.CollabProxy.Editor.dll
Symbol file LoadedFromMemory is not a mono symbol file
Native extension for WindowsStandalone target not found
Refreshing native plugins compatible for Editor in 48.94 ms, found 3 plugins.
Preloading 0 native plugins for Editor in 0.00 ms.
Mono: successfully reloaded assembly
- Completed reload, in  2.169 seconds
Domain Reload Profiling:
	ReloadAssembly (2170ms)
		BeginReloadAssembly (180ms)
			ExecutionOrderSort (0ms)
			DisableScriptedObjects (5ms)
			BackupInstance (0ms)
			ReleaseScriptingObjects (0ms)
			CreateAndSetChildDomain (21ms)
		EndReloadAssembly (1908ms)
			LoadAssemblies (858ms)
			RebuildTransferFunctionScriptingTraits (0ms)
			SetupTypeCache (357ms)
			ReleaseScriptCaches (0ms)
			RebuildScriptCaches (64ms)
			SetupLoadedEditorAssemblies (486ms)
				LogAssemblyErrors (0ms)
				InitializePlatformSupportModulesInManaged (5ms)
				SetLoadedEditorAssemblies (0ms)
				RefreshPlugins (49ms)
				BeforeProcessingInitializeOnLoad (108ms)
				ProcessInitializeOnLoadAttributes (297ms)
				ProcessInitializeOnLoadMethodAttributes (17ms)
				AfterProcessingInitializeOnLoad (10ms)
				EditorAssembliesLoaded (0ms)
			ExecutionOrderSort2 (0ms)
			AwakeInstancesAfterBackupRestoration (7ms)
Platform modules already initialized, skipping
========================================================================
Worker process is ready to serve import requests
Launched and connected shader compiler UnityShaderCompiler.exe after 0.18 seconds
Refreshing native plugins compatible for Editor in 0.60 ms, found 3 plugins.
Preloading 0 native plugins for Editor in 0.00 ms.
Unloading 2267 Unused Serialized files (Serialized files now loaded: 0)
System memory in use before: 100.7 MB.
System memory in use after: 100.9 MB.

Unloading 27 unused Assets to reduce memory usage. Loaded Objects now: 2708.
Total: 4.413200 ms (FindLiveObjects: 0.404700 ms CreateObjectMapping: 0.225600 ms MarkObjects: 3.692400 ms  DeleteObjects: 0.089300 ms)

AssetImportParameters requested are different than current active one (requested -> active):
  custom:framework-win-MediaFoundation: 216162199b28c13a410421893ffa2e32 -> 
  custom:video-decoder-ogg-theora: a1e56fd34408186e4bbccfd4996cb3dc -> 
  custom:container-muxer-webm: aa71ff27fc2769a1b78a27578f13a17b -> 
  custom:container-demuxer-webm: 4f35f7cbe854078d1ac9338744f61a02 -> 
  custom:container-demuxer-ogg: 62fdf1f143b41e24485cea50d1cbac27 -> 
  custom:video-encoder-webm-vp8: eb34c28f22e8b96e1ab97ce403110664 -> 
  custom:video-decoder-webm-vp8: 9c59270c3fd7afecdb556c50c9e8de78 -> 
  custom:audio-decoder-ogg-vorbis: bf7c407c2cedff20999df2af8eb42d56 -> 
  custom:audio-encoder-webm-vorbis: bf7c407c2cedff20999df2af8eb42d56 -> 
========================================================================
Received Import Request.
  path: Assets/Prefabs/Sprites/ESCRITORIO/MIAWER-LOGO.png
  artifactKey: Guid(7e77912754d15d64887f206382aaf0a9) Importer(815301076,1909f56bfc062723c751e8b465ee728b)
Start importing Assets/Prefabs/Sprites/ESCRITORIO/MIAWER-LOGO.png using Guid(7e77912754d15d64887f206382aaf0a9) Importer(815301076,1909f56bfc062723c751e8b465ee728b)  -> (artifact id: 'd680c55569f64fadd361847d3752319b') in 0.201159 seconds 
  Import took 0.206463 seconds .

========================================================================
Received Import Request.
  Time since last request: 0.000334 seconds.
  path: Assets/Prefabs/Sprites/ESCRITORIO
  artifactKey: Guid(b8c229319a0140843b0251283e430cc9) Importer(815301076,1909f56bfc062723c751e8b465ee728b)
Start importing Assets/Prefabs/Sprites/ESCRITORIO using Guid(b8c229319a0140843b0251283e430cc9) Importer(815301076,1909f56bfc062723c751e8b465ee728b)  -> (artifact id: 'cba8658d1a1935a649680c3cca60abcf') in 0.008645 seconds 
  Import took 0.013198 seconds .

========================================================================
Received Import Request.
  Time since last request: 0.000335 seconds.
  path: Assets/Prefabs/Sprites/ESCRITORIO/WHOSAPP-LOGO.png
  artifactKey: Guid(53755e75e1c0fab49a169dc90f05a28b) Importer(815301076,1909f56bfc062723c751e8b465ee728b)
Start importing Assets/Prefabs/Sprites/ESCRITORIO/WHOSAPP-LOGO.png using Guid(53755e75e1c0fab49a169dc90f05a28b) Importer(815301076,1909f56bfc062723c751e8b465ee728b)  -> (artifact id: '543617306211c7749ede7ffefba868f9') in 0.022487 seconds 
  Import took 0.027438 seconds .

========================================================================
Received Import Request.
  Time since last request: 0.000342 seconds.
  path: Assets/Prefabs/Sprites/ESCRITORIO/ESCRITORIO-FONDO-COLOR.png
  artifactKey: Guid(272ffb48b61cbd44b87cb4107aa45c67) Importer(815301076,1909f56bfc062723c751e8b465ee728b)
Start importing Assets/Prefabs/Sprites/ESCRITORIO/ESCRITORIO-FONDO-COLOR.png using Guid(272ffb48b61cbd44b87cb4107aa45c67) Importer(815301076,1909f56bfc062723c751e8b465ee728b)  -> (artifact id: '32246b2620b005b730da6baf6fe57a16') in 0.030456 seconds 
  Import took 0.033961 seconds .

========================================================================
Received Import Request.
  Time since last request: 0.000285 seconds.
  path: Assets/Prefabs/Sprites/ESCRITORIO/ESCRITORIO.png
  artifactKey: Guid(41752a73fa4383c4990e54df947cf22e) Importer(815301076,1909f56bfc062723c751e8b465ee728b)
Start importing Assets/Prefabs/Sprites/ESCRITORIO/ESCRITORIO.png using Guid(41752a73fa4383c4990e54df947cf22e) Importer(815301076,1909f56bfc062723c751e8b465ee728b)  -> (artifact id: 'f1b6f5ebbe080b6aaaad51e36fcc620e') in 0.019758 seconds 
  Import took 0.023803 seconds .

========================================================================
Received Import Request.
  Time since last request: 0.000339 seconds.
  path: Assets/Prefabs/Sprites/ESCRITORIO/LETTERGRAM-LOGO.png
  artifactKey: Guid(0d4be13917bd9c4458f453f3a6bc150d) Importer(815301076,1909f56bfc062723c751e8b465ee728b)
Start importing Assets/Prefabs/Sprites/ESCRITORIO/LETTERGRAM-LOGO.png using Guid(0d4be13917bd9c4458f453f3a6bc150d) Importer(815301076,1909f56bfc062723c751e8b465ee728b)  -> (artifact id: '6086eb16669b5bca9fb23b1c855dc6e4') in 0.031844 seconds 
  Import took 0.036375 seconds .

========================================================================
Received Import Request.
  Time since last request: 0.000383 seconds.
  path: Assets/Prefabs/Sprites/ESCRITORIO/ESCRITORIO-FONDO-DIBUJO.png
  artifactKey: Guid(b1c15625c7fb6ae4a979dc8dde37f113) Importer(815301076,1909f56bfc062723c751e8b465ee728b)
Start importing Assets/Prefabs/Sprites/ESCRITORIO/ESCRITORIO-FONDO-DIBUJO.png using Guid(b1c15625c7fb6ae4a979dc8dde37f113) Importer(815301076,1909f56bfc062723c751e8b465ee728b)  -> (artifact id: '3870b1c3c4e7b345afafd269bff6f353') in 0.043937 seconds 
  Import took 0.048188 seconds .

========================================================================
Received Import Request.
  Time since last request: 27.856658 seconds.
  path: Assets/Prefabs/Sprites
  artifactKey: Guid(e47254421da309045b3cb335c2725c8f) Importer(815301076,1909f56bfc062723c751e8b465ee728b)
Start importing Assets/Prefabs/Sprites using Guid(e47254421da309045b3cb335c2725c8f) Importer(815301076,1909f56bfc062723c751e8b465ee728b)  -> (artifact id: '4e5a2d8c45e1b025b639c48551ca2756') in 0.009894 seconds 
  Import took 0.015785 seconds .

========================================================================
Received Import Request.
  Time since last request: 8.672597 seconds.
  path: Assets/Prefabs/Sprites/WHOSAPP
  artifactKey: Guid(758a9cf53a3f7844eaf5d14adb78c3a2) Importer(815301076,1909f56bfc062723c751e8b465ee728b)
Start importing Assets/Prefabs/Sprites/WHOSAPP using Guid(758a9cf53a3f7844eaf5d14adb78c3a2) Importer(815301076,1909f56bfc062723c751e8b465ee728b)  -> (artifact id: 'd793ddc058a0ae7746acc9ade6b916ef') in 0.011075 seconds 
  Import took 0.017049 seconds .

========================================================================
Received Import Request.
  Time since last request: 20.139995 seconds.
  path: Assets/Prefabs/Sprites/WHOSAPP/WHOSAPP-BARRA-CHATS.png
  artifactKey: Guid(804a6b66ff9f8c74dabf20f0a6fe7603) Importer(815301076,1909f56bfc062723c751e8b465ee728b)
Start importing Assets/Prefabs/Sprites/WHOSAPP/WHOSAPP-BARRA-CHATS.png using Guid(804a6b66ff9f8c74dabf20f0a6fe7603) Importer(815301076,1909f56bfc062723c751e8b465ee728b)  -> (artifact id: '18a38c03221aa70254c34df9a5aaf992') in 0.071875 seconds 
  Import took 0.087507 seconds .

========================================================================
Received Import Request.
  Time since last request: 0.000495 seconds.
  path: Assets/Prefabs/Sprites/WHOSAPP/WHOSAPP-DIALOGO-FONDO.png
  artifactKey: Guid(fd95cc2fb735beb41acea202f2a43b37) Importer(815301076,1909f56bfc062723c751e8b465ee728b)
Start importing Assets/Prefabs/Sprites/WHOSAPP/WHOSAPP-DIALOGO-FONDO.png using Guid(fd95cc2fb735beb41acea202f2a43b37) Importer(815301076,1909f56bfc062723c751e8b465ee728b)  -> (artifact id: '65437b9c3a7d7468da43706f8b93b35d') in 0.118266 seconds 
  Import took 0.131406 seconds .

========================================================================
Received Import Request.
  Time since last request: 0.000297 seconds.
  path: Assets/Prefabs/Sprites/WHOSAPP/WHOSAPP-DIALOGO-CONTRAPARTE.png
  artifactKey: Guid(039d8b815391990448dbb71655e6452b) Importer(815301076,1909f56bfc062723c751e8b465ee728b)
Start importing Assets/Prefabs/Sprites/WHOSAPP/WHOSAPP-DIALOGO-CONTRAPARTE.png using Guid(039d8b815391990448dbb71655e6452b) Importer(815301076,1909f56bfc062723c751e8b465ee728b)  -> (artifact id: 'e43cdbd46e5a04f058700b2f529d0dc8') in 0.017419 seconds 
  Import took 0.022688 seconds .

========================================================================
Received Import Request.
  Time since last request: 0.000242 seconds.
  path: Assets/Prefabs/Sprites/WHOSAPP/WHOSAPP-TITULO.png
  artifactKey: Guid(a8c4ddac12b30494291d232e3b4911ad) Importer(815301076,1909f56bfc062723c751e8b465ee728b)
Start importing Assets/Prefabs/Sprites/WHOSAPP/WHOSAPP-TITULO.png using Guid(a8c4ddac12b30494291d232e3b4911ad) Importer(815301076,1909f56bfc062723c751e8b465ee728b)  -> (artifact id: 'e385b38f9dad1232d2dabb0d4df32270') in 0.016792 seconds 
  Import took 0.020463 seconds .

========================================================================
Received Import Request.
  Time since last request: 0.000205 seconds.
  path: Assets/Prefabs/Sprites/WHOSAPP/WHOSAPP-BURBUJA.png
  artifactKey: Guid(117eabee6668d8441bb6f4b113df2e46) Importer(815301076,1909f56bfc062723c751e8b465ee728b)
Start importing Assets/Prefabs/Sprites/WHOSAPP/WHOSAPP-BURBUJA.png using Guid(117eabee6668d8441bb6f4b113df2e46) Importer(815301076,1909f56bfc062723c751e8b465ee728b)  -> (artifact id: '1720f9cd93ab40003f6845173cae3db8') in 0.016338 seconds 
  Import took 0.019922 seconds .

========================================================================
Received Import Request.
  Time since last request: 0.000226 seconds.
  path: Assets/Prefabs/Sprites/WHOSAPP/WHOSAPP-CAJA-DE-ESCRITURA.png
  artifactKey: Guid(042a27549cc868840b1229f97d57afe8) Importer(815301076,1909f56bfc062723c751e8b465ee728b)
Start importing Assets/Prefabs/Sprites/WHOSAPP/WHOSAPP-CAJA-DE-ESCRITURA.png using Guid(042a27549cc868840b1229f97d57afe8) Importer(815301076,1909f56bfc062723c751e8b465ee728b)  -> (artifact id: 'd9c109a89f919e72bb14aefb5026fc56') in 0.015158 seconds 
  Import took 0.019139 seconds .

========================================================================
Received Import Request.
  Time since last request: 0.000324 seconds.
  path: Assets/Prefabs/Sprites/WHOSAPP/WHOSAPP-CUADRO-ESCRITURA.png
  artifactKey: Guid(1c9aa2a34da3e3d4ca574025972550b4) Importer(815301076,1909f56bfc062723c751e8b465ee728b)
Start importing Assets/Prefabs/Sprites/WHOSAPP/WHOSAPP-CUADRO-ESCRITURA.png using Guid(1c9aa2a34da3e3d4ca574025972550b4) Importer(815301076,1909f56bfc062723c751e8b465ee728b)  -> (artifact id: '95c16dd78cb5ee24cb790da3a9f8ccdf') in 0.022395 seconds 
  Import took 0.026898 seconds .

========================================================================
Received Import Request.
  Time since last request: 0.000298 seconds.
  path: Assets/Prefabs/Sprites/WHOSAPP/WHOSAPP-TITULO-SIN-FONDO.png
  artifactKey: Guid(b1edf12890ab292428b7d7b11d26f449) Importer(815301076,1909f56bfc062723c751e8b465ee728b)
Start importing Assets/Prefabs/Sprites/WHOSAPP/WHOSAPP-TITULO-SIN-FONDO.png using Guid(b1edf12890ab292428b7d7b11d26f449) Importer(815301076,1909f56bfc062723c751e8b465ee728b)  -> (artifact id: 'e4c6f486f07491ab73a3d25aeb870687') in 0.025731 seconds 
  Import took 0.032902 seconds .

========================================================================
Received Import Request.
  Time since last request: 0.000330 seconds.
  path: Assets/Prefabs/Sprites/WHOSAPP/WHOSAPP-SCREEN.png
  artifactKey: Guid(15859f64e11207948ba995b411feefc9) Importer(815301076,1909f56bfc062723c751e8b465ee728b)
Start importing Assets/Prefabs/Sprites/WHOSAPP/WHOSAPP-SCREEN.png using Guid(15859f64e11207948ba995b411feefc9) Importer(815301076,1909f56bfc062723c751e8b465ee728b)  -> (artifact id: '4c0c491c8a5a7715886f3b08744baa17') in 0.021648 seconds 
  Import took 0.027889 seconds .

========================================================================
Received Import Request.
  Time since last request: 0.000887 seconds.
  path: Assets/Prefabs/Sprites/WHOSAPP/WHOSAPP-PANEL-BURBUJAS.png
  artifactKey: Guid(6c2fab374212e434cb742707a12dde10) Importer(815301076,1909f56bfc062723c751e8b465ee728b)
Start importing Assets/Prefabs/Sprites/WHOSAPP/WHOSAPP-PANEL-BURBUJAS.png using Guid(6c2fab374212e434cb742707a12dde10) Importer(815301076,1909f56bfc062723c751e8b465ee728b)  -> (artifact id: '63d2696e30097cc83091b8153eed06a4') in 0.038231 seconds 
  Import took 0.046313 seconds .

========================================================================
Received Import Request.
  Time since last request: 0.000301 seconds.
  path: Assets/Prefabs/Sprites/WHOSAPP/WHOSAPP-BOTON-ENVIAR.png
  artifactKey: Guid(0b15591b43dd2eb46be7bb7f0b0bd618) Importer(815301076,1909f56bfc062723c751e8b465ee728b)
Start importing Assets/Prefabs/Sprites/WHOSAPP/WHOSAPP-BOTON-ENVIAR.png using Guid(0b15591b43dd2eb46be7bb7f0b0bd618) Importer(815301076,1909f56bfc062723c751e8b465ee728b)  -> (artifact id: '9d96a303e12ff3e83c835202bec923b8') in 0.029906 seconds 
  Import took 0.038678 seconds .

========================================================================
Received Import Request.
  Time since last request: 0.000367 seconds.
  path: Assets/Prefabs/Sprites/WHOSAPP/WHOSAPP-TITULO-FONDO.png
  artifactKey: Guid(6371dfb845a4bf249b4fd29d822e1be4) Importer(815301076,1909f56bfc062723c751e8b465ee728b)
Start importing Assets/Prefabs/Sprites/WHOSAPP/WHOSAPP-TITULO-FONDO.png using Guid(6371dfb845a4bf249b4fd29d822e1be4) Importer(815301076,1909f56bfc062723c751e8b465ee728b)  -> (artifact id: 'a5432b7b80811d6006b8a32d1e992020') in 0.017352 seconds 
  Import took 0.022205 seconds .

========================================================================
Received Import Request.
  Time since last request: 0.000293 seconds.
  path: Assets/Prefabs/Sprites/WHOSAPP/WHOSAPP-RECUADRO-NOMBRE-CONTRAPARTE.png
  artifactKey: Guid(ddff3b760da4da944a471e44b7d9cbff) Importer(815301076,1909f56bfc062723c751e8b465ee728b)
Start importing Assets/Prefabs/Sprites/WHOSAPP/WHOSAPP-RECUADRO-NOMBRE-CONTRAPARTE.png using Guid(ddff3b760da4da944a471e44b7d9cbff) Importer(815301076,1909f56bfc062723c751e8b465ee728b)  -> (artifact id: '6cb015d17e8e0cc82f3f0cafff980445') in 0.027795 seconds 
  Import took 0.033775 seconds .

========================================================================
Received Import Request.
  Time since last request: 0.000248 seconds.
  path: Assets/Prefabs/Sprites/WHOSAPP/WHOSAPP-ENVIAR-IMAGEN.png
  artifactKey: Guid(2d00f96e5f846f84b82b78e0113352b8) Importer(815301076,1909f56bfc062723c751e8b465ee728b)
Start importing Assets/Prefabs/Sprites/WHOSAPP/WHOSAPP-ENVIAR-IMAGEN.png using Guid(2d00f96e5f846f84b82b78e0113352b8) Importer(815301076,1909f56bfc062723c751e8b465ee728b)  -> (artifact id: 'b23295612927bdedb30a493d0716c991') in 0.023079 seconds 
  Import took 0.028617 seconds .

========================================================================
Received Import Request.
  Time since last request: 0.000248 seconds.
  path: Assets/Prefabs/Sprites/WHOSAPP/WHOSAPP-DIALOGO-PROTA.png
  artifactKey: Guid(86b9db023009b8348b1caf41d0a49c32) Importer(815301076,1909f56bfc062723c751e8b465ee728b)
Start importing Assets/Prefabs/Sprites/WHOSAPP/WHOSAPP-DIALOGO-PROTA.png using Guid(86b9db023009b8348b1caf41d0a49c32) Importer(815301076,1909f56bfc062723c751e8b465ee728b)  -> (artifact id: '1c534eca8fe12d1e15ec5f3f218c99b5') in 0.025198 seconds 
  Import took 0.030808 seconds .

========================================================================
Received Import Request.
  Time since last request: 705.528680 seconds.
  path: Assets/Prefabs/Sprites/MIAWER
  artifactKey: Guid(1a3c6561b0df0944f95860b351744af9) Importer(815301076,1909f56bfc062723c751e8b465ee728b)
Start importing Assets/Prefabs/Sprites/MIAWER using Guid(1a3c6561b0df0944f95860b351744af9) Importer(815301076,1909f56bfc062723c751e8b465ee728b)  -> (artifact id: '369057de4b7a075a3dd657318760c378') in 0.011982 seconds 
  Import took 0.018168 seconds .

========================================================================
Received Import Request.
  Time since last request: 26.926601 seconds.
  path: Assets/Prefabs/Sprites/MIAWER/MIAWER-BARRA-CHATS.png
  artifactKey: Guid(bfc4daa3a2769374497383753877e748) Importer(815301076,1909f56bfc062723c751e8b465ee728b)
Start importing Assets/Prefabs/Sprites/MIAWER/MIAWER-BARRA-CHATS.png using Guid(bfc4daa3a2769374497383753877e748) Importer(815301076,1909f56bfc062723c751e8b465ee728b)  -> (artifact id: 'f8ab56662741740888d399716d74aed5') in 0.051196 seconds 
  Import took 0.058824 seconds .

========================================================================
Received Import Request.
  Time since last request: 0.000997 seconds.
  path: Assets/Prefabs/Sprites/MIAWER/MIAWER-TITULO-FONDO.png
  artifactKey: Guid(495804eb0bf0d3240a06ff116acb5053) Importer(815301076,1909f56bfc062723c751e8b465ee728b)
Start importing Assets/Prefabs/Sprites/MIAWER/MIAWER-TITULO-FONDO.png using Guid(495804eb0bf0d3240a06ff116acb5053) Importer(815301076,1909f56bfc062723c751e8b465ee728b)  -> (artifact id: '7d8aff1c25494c44429efea726dba905') in 0.085237 seconds 
  Import took 0.103060 seconds .

========================================================================
Received Import Request.
  Time since last request: 0.000992 seconds.
  path: Assets/Prefabs/Sprites/MIAWER/MIAWER-BOTON-ENVIAR.png
  artifactKey: Guid(7d0875c83bea2e141b0522a092f4605a) Importer(815301076,1909f56bfc062723c751e8b465ee728b)
Start importing Assets/Prefabs/Sprites/MIAWER/MIAWER-BOTON-ENVIAR.png using Guid(7d0875c83bea2e141b0522a092f4605a) Importer(815301076,1909f56bfc062723c751e8b465ee728b)  -> (artifact id: 'b9c5df9669f73a242903c406e002df59') in 0.084924 seconds 
  Import took 0.109699 seconds .

========================================================================
Received Import Request.
  Time since last request: 0.000287 seconds.
  path: Assets/Prefabs/Sprites/MIAWER/MIAWER-BURBUJA.png
  artifactKey: Guid(eb7bbaecee77d7c44b73e8403412afed) Importer(815301076,1909f56bfc062723c751e8b465ee728b)
Start importing Assets/Prefabs/Sprites/MIAWER/MIAWER-BURBUJA.png using Guid(eb7bbaecee77d7c44b73e8403412afed) Importer(815301076,1909f56bfc062723c751e8b465ee728b)  -> (artifact id: 'd335dc396981d69edd165a528cb48918') in 0.020001 seconds 
  Import took 0.024932 seconds .

========================================================================
Received Import Request.
  Time since last request: 0.000240 seconds.
  path: Assets/Prefabs/Sprites/MIAWER/MIAWER-CUADRO-ESCRITURA.png
  artifactKey: Guid(e55c5dcd359be5a43a1ae8f5c45ca688) Importer(815301076,1909f56bfc062723c751e8b465ee728b)
Start importing Assets/Prefabs/Sprites/MIAWER/MIAWER-CUADRO-ESCRITURA.png using Guid(e55c5dcd359be5a43a1ae8f5c45ca688) Importer(815301076,1909f56bfc062723c751e8b465ee728b)  -> (artifact id: '87e8c8bea68099732fab70900cb41491') in 0.096314 seconds 
  Import took 0.101288 seconds .

========================================================================
Received Import Request.
  Time since last request: 0.000362 seconds.
  path: Assets/Prefabs/Sprites/MIAWER/MIAWER-DIALOGO-PROTA.png
  artifactKey: Guid(f8ad144f0dfb28c4fb344f04c42d9faa) Importer(815301076,1909f56bfc062723c751e8b465ee728b)
Start importing Assets/Prefabs/Sprites/MIAWER/MIAWER-DIALOGO-PROTA.png using Guid(f8ad144f0dfb28c4fb344f04c42d9faa) Importer(815301076,1909f56bfc062723c751e8b465ee728b)  -> (artifact id: '0e0dd43ba14c5bcc07b3d2da7a2d306a') in 0.025041 seconds 
  Import took 0.030913 seconds .

========================================================================
Received Import Request.
  Time since last request: 0.000845 seconds.
  path: Assets/Prefabs/Sprites/MIAWER/MIAWER-LOGO.png
  artifactKey: Guid(2d4a86f1d4414d945a0eb2934ade0130) Importer(815301076,1909f56bfc062723c751e8b465ee728b)
Start importing Assets/Prefabs/Sprites/MIAWER/MIAWER-LOGO.png using Guid(2d4a86f1d4414d945a0eb2934ade0130) Importer(815301076,1909f56bfc062723c751e8b465ee728b)  -> (artifact id: '0125b0d68e8b8812c941fe58098d66d4') in 0.062770 seconds 
  Import took 0.069626 seconds .

========================================================================
Received Import Request.
  Time since last request: 0.000363 seconds.
  path: Assets/Prefabs/Sprites/MIAWER/MIAWER-DIALOGO-FONDO.png
  artifactKey: Guid(98247908add986c4ebf013f05d09edfa) Importer(815301076,1909f56bfc062723c751e8b465ee728b)
Start importing Assets/Prefabs/Sprites/MIAWER/MIAWER-DIALOGO-FONDO.png using Guid(98247908add986c4ebf013f05d09edfa) Importer(815301076,1909f56bfc062723c751e8b465ee728b)  -> (artifact id: '66938c2efd9a405e190d5dca0b26c8a5') in 0.051284 seconds 
  Import took 0.055574 seconds .

========================================================================
Received Import Request.
  Time since last request: 0.000399 seconds.
  path: Assets/Prefabs/Sprites/MIAWER/MIAWER-TITULO-SIN-FONDO.png
  artifactKey: Guid(424564ac04192b348828bf77c29a7b6e) Importer(815301076,1909f56bfc062723c751e8b465ee728b)
Start importing Assets/Prefabs/Sprites/MIAWER/MIAWER-TITULO-SIN-FONDO.png using Guid(424564ac04192b348828bf77c29a7b6e) Importer(815301076,1909f56bfc062723c751e8b465ee728b)  -> (artifact id: 'f8e1528f008fa96c068be44adc41ffa8') in 0.022107 seconds 
  Import took 0.027387 seconds .

========================================================================
Received Import Request.
  Time since last request: 0.000365 seconds.
  path: Assets/Prefabs/Sprites/MIAWER/MIAWER-CAJA-DE-ESCRITURA.png
  artifactKey: Guid(2e7b97e968bc27f4bbb74ce2dfd77f49) Importer(815301076,1909f56bfc062723c751e8b465ee728b)
Start importing Assets/Prefabs/Sprites/MIAWER/MIAWER-CAJA-DE-ESCRITURA.png using Guid(2e7b97e968bc27f4bbb74ce2dfd77f49) Importer(815301076,1909f56bfc062723c751e8b465ee728b)  -> (artifact id: '438ae1653f5abe29e4e85279089b8712') in 0.021689 seconds 
  Import took 0.026776 seconds .

========================================================================
Received Import Request.
  Time since last request: 0.000590 seconds.
  path: Assets/Prefabs/Sprites/MIAWER/MIAWER-ENVIAR-IMAGEN.png
  artifactKey: Guid(88021c9e7d8b8cf418ca7d8863639145) Importer(815301076,1909f56bfc062723c751e8b465ee728b)
Start importing Assets/Prefabs/Sprites/MIAWER/MIAWER-ENVIAR-IMAGEN.png using Guid(88021c9e7d8b8cf418ca7d8863639145) Importer(815301076,1909f56bfc062723c751e8b465ee728b)  -> (artifact id: '6802ff68e8897104f67156a3f6e7d637') in 0.024086 seconds 
  Import took 0.031069 seconds .

========================================================================
Received Import Request.
  Time since last request: 0.000367 seconds.
  path: Assets/Prefabs/Sprites/MIAWER/MIAWER-PANEL-BURBUJAS.png
  artifactKey: Guid(968baa3dbb4300048b42cc59be27cffe) Importer(815301076,1909f56bfc062723c751e8b465ee728b)
Start importing Assets/Prefabs/Sprites/MIAWER/MIAWER-PANEL-BURBUJAS.png using Guid(968baa3dbb4300048b42cc59be27cffe) Importer(815301076,1909f56bfc062723c751e8b465ee728b)  -> (artifact id: 'db5fbdecf3e72b63dad4873f8673bcdc') in 0.027746 seconds 
  Import took 0.033205 seconds .

========================================================================
Received Import Request.
  Time since last request: 0.000273 seconds.
  path: Assets/Prefabs/Sprites/MIAWER/MIAWER-SCREEN-FINAL.png
  artifactKey: Guid(cb3024887c6989e45b3b49e83a08d677) Importer(815301076,1909f56bfc062723c751e8b465ee728b)
Start importing Assets/Prefabs/Sprites/MIAWER/MIAWER-SCREEN-FINAL.png using Guid(cb3024887c6989e45b3b49e83a08d677) Importer(815301076,1909f56bfc062723c751e8b465ee728b)  -> (artifact id: 'f94dcdca79899a3c74675ad2b8b2e321') in 0.063211 seconds 
  Import took 0.071097 seconds .

========================================================================
Received Import Request.
  Time since last request: 0.000403 seconds.
  path: Assets/Prefabs/Sprites/MIAWER/MIAWER-TITULO.png
  artifactKey: Guid(72dc672f70180f84b875745be80ac522) Importer(815301076,1909f56bfc062723c751e8b465ee728b)
Start importing Assets/Prefabs/Sprites/MIAWER/MIAWER-TITULO.png using Guid(72dc672f70180f84b875745be80ac522) Importer(815301076,1909f56bfc062723c751e8b465ee728b)  -> (artifact id: 'b87ffcb5973185604036996832aa81ce') in 0.023779 seconds 
  Import took 0.030784 seconds .

========================================================================
Received Import Request.
  Time since last request: 0.000852 seconds.
  path: Assets/Prefabs/Sprites/MIAWER/MIAWER-DIALOGO-CONTRAPARTE.png
  artifactKey: Guid(d9d635f940657a34cb6ca56a317f8d62) Importer(815301076,1909f56bfc062723c751e8b465ee728b)
Start importing Assets/Prefabs/Sprites/MIAWER/MIAWER-DIALOGO-CONTRAPARTE.png using Guid(d9d635f940657a34cb6ca56a317f8d62) Importer(815301076,1909f56bfc062723c751e8b465ee728b)  -> (artifact id: 'db265c68222f1b6dcbb070d7aeb1d9d3') in 0.030459 seconds 
  Import took 0.038810 seconds .

========================================================================
Received Import Request.
  Time since last request: 933.583588 seconds.
  path: Assets/Prefabs/Sprites/LETTERGRAM
  artifactKey: Guid(39130f09e940c474591e50870d7000b2) Importer(815301076,1909f56bfc062723c751e8b465ee728b)
Start importing Assets/Prefabs/Sprites/LETTERGRAM using Guid(39130f09e940c474591e50870d7000b2) Importer(815301076,1909f56bfc062723c751e8b465ee728b)  -> (artifact id: '35d588251fdd47c133568e75dd9c8bb8') in 0.010523 seconds 
  Import took 0.015607 seconds .

========================================================================
Received Import Request.
  Time since last request: 9.813534 seconds.
  path: Assets/Prefabs/Sprites/LETTERGRAM/0 LETTERGRAM-SCREEN FINAL.png
  artifactKey: Guid(4c241f3aed8fd074fb5d13c6e05e73b6) Importer(815301076,1909f56bfc062723c751e8b465ee728b)
Start importing Assets/Prefabs/Sprites/LETTERGRAM/0 LETTERGRAM-SCREEN FINAL.png using Guid(4c241f3aed8fd074fb5d13c6e05e73b6) Importer(815301076,1909f56bfc062723c751e8b465ee728b)  -> (artifact id: 'a0fc0a4628efe7a900de55751663ed13') in 0.031716 seconds 
  Import took 0.037049 seconds .

========================================================================
Received Import Request.
  Time since last request: 0.000370 seconds.
  path: Assets/Prefabs/Sprites/LETTERGRAM/LETTERGRAM-TITULO-SIN-FONDO.png
  artifactKey: Guid(977d10db00d4e8b4ca2ff83f7265cb60) Importer(815301076,1909f56bfc062723c751e8b465ee728b)
Start importing Assets/Prefabs/Sprites/LETTERGRAM/LETTERGRAM-TITULO-SIN-FONDO.png using Guid(977d10db00d4e8b4ca2ff83f7265cb60) Importer(815301076,1909f56bfc062723c751e8b465ee728b)  -> (artifact id: '9cdebfbca9f845ee3fd7df70260ba61c') in 0.042622 seconds 
  Import took 0.052351 seconds .

========================================================================
Received Import Request.
  Time since last request: 0.000734 seconds.
  path: Assets/Prefabs/Sprites/LETTERGRAM/LETTERGRAM-CUADRO-ESCRITURA-FONDO.png
  artifactKey: Guid(e8a39141a945577459ac8c1afa986443) Importer(815301076,1909f56bfc062723c751e8b465ee728b)
Start importing Assets/Prefabs/Sprites/LETTERGRAM/LETTERGRAM-CUADRO-ESCRITURA-FONDO.png using Guid(e8a39141a945577459ac8c1afa986443) Importer(815301076,1909f56bfc062723c751e8b465ee728b)  -> (artifact id: 'a533afd4761dda9363d79e63e7bd53fd') in 0.080604 seconds 
  Import took 0.097044 seconds .

========================================================================
Received Import Request.
  Time since last request: 0.000657 seconds.
  path: Assets/Prefabs/Sprites/LETTERGRAM/LETTERGRAM-TITULO.png
  artifactKey: Guid(e2e2894a44c76d446821886a604c3642) Importer(815301076,1909f56bfc062723c751e8b465ee728b)
Start importing Assets/Prefabs/Sprites/LETTERGRAM/LETTERGRAM-TITULO.png using Guid(e2e2894a44c76d446821886a604c3642) Importer(815301076,1909f56bfc062723c751e8b465ee728b)  -> (artifact id: '52dac89e673a3e7ca14679352efc8891') in 0.063307 seconds 
  Import took 0.075415 seconds .

========================================================================
Received Import Request.
  Time since last request: 0.000235 seconds.
  path: Assets/Prefabs/Sprites/LETTERGRAM/LETTERGRAM-DIALOGO-FONDO.png
  artifactKey: Guid(29318330c0172ca40aa0bd456ba253f9) Importer(815301076,1909f56bfc062723c751e8b465ee728b)
Start importing Assets/Prefabs/Sprites/LETTERGRAM/LETTERGRAM-DIALOGO-FONDO.png using Guid(29318330c0172ca40aa0bd456ba253f9) Importer(815301076,1909f56bfc062723c751e8b465ee728b)  -> (artifact id: '92500f759606d43110f05688751eee78') in 0.023415 seconds 
  Import took 0.027942 seconds .

========================================================================
Received Import Request.
  Time since last request: 0.000207 seconds.
  path: Assets/Prefabs/Sprites/LETTERGRAM/LETTERGRAM-BURBUJA.png
  artifactKey: Guid(0182e064986e51c4c8c4e3c4e71c493c) Importer(815301076,1909f56bfc062723c751e8b465ee728b)
Start importing Assets/Prefabs/Sprites/LETTERGRAM/LETTERGRAM-BURBUJA.png using Guid(0182e064986e51c4c8c4e3c4e71c493c) Importer(815301076,1909f56bfc062723c751e8b465ee728b)  -> (artifact id: '613320c6aca828acc6bff10a569f67d7') in 0.031972 seconds 
  Import took 0.036537 seconds .

========================================================================
Received Import Request.
  Time since last request: 0.000305 seconds.
  path: Assets/Prefabs/Sprites/LETTERGRAM/LETTERGRAM-PANEL-BURBUJAS.png
  artifactKey: Guid(c80f8b325817d43478f25b44402f217f) Importer(815301076,1909f56bfc062723c751e8b465ee728b)
Start importing Assets/Prefabs/Sprites/LETTERGRAM/LETTERGRAM-PANEL-BURBUJAS.png using Guid(c80f8b325817d43478f25b44402f217f) Importer(815301076,1909f56bfc062723c751e8b465ee728b)  -> (artifact id: 'dd44372630473ec8b0b53416a86c84cc') in 0.025273 seconds 
  Import took 0.030249 seconds .

========================================================================
Received Import Request.
  Time since last request: 0.000217 seconds.
  path: Assets/Prefabs/Sprites/LETTERGRAM/LETTERGRAM-DIALOGO-CONTRAPARTE.png
  artifactKey: Guid(c7f0cf28fd4a4fd4bb07dbd815c5ba45) Importer(815301076,1909f56bfc062723c751e8b465ee728b)
Start importing Assets/Prefabs/Sprites/LETTERGRAM/LETTERGRAM-DIALOGO-CONTRAPARTE.png using Guid(c7f0cf28fd4a4fd4bb07dbd815c5ba45) Importer(815301076,1909f56bfc062723c751e8b465ee728b)  -> (artifact id: '1b39e886d30e39c5ea03ae14ec4b3498') in 0.031692 seconds 
  Import took 0.035807 seconds .

========================================================================
Received Import Request.
  Time since last request: 0.000272 seconds.
  path: Assets/Prefabs/Sprites/LETTERGRAM/LETTERGRAM-LOGO.png
  artifactKey: Guid(4f3e07d58d45c914eaf51a5c5429c53d) Importer(815301076,1909f56bfc062723c751e8b465ee728b)
Start importing Assets/Prefabs/Sprites/LETTERGRAM/LETTERGRAM-LOGO.png using Guid(4f3e07d58d45c914eaf51a5c5429c53d) Importer(815301076,1909f56bfc062723c751e8b465ee728b)  -> (artifact id: '49f63e69f5df12f78123fef4d9473600') in 0.075664 seconds 
  Import took 0.081567 seconds .

========================================================================
Received Import Request.
  Time since last request: 0.000425 seconds.
  path: Assets/Prefabs/Sprites/LETTERGRAM/LETTERGRAM-CUADRO-ESCRITURA.png
  artifactKey: Guid(ef850da788b181f4d85d5ad18a81fa43) Importer(815301076,1909f56bfc062723c751e8b465ee728b)
Start importing Assets/Prefabs/Sprites/LETTERGRAM/LETTERGRAM-CUADRO-ESCRITURA.png using Guid(ef850da788b181f4d85d5ad18a81fa43) Importer(815301076,1909f56bfc062723c751e8b465ee728b)  -> (artifact id: '6b9fe062f8acd568fc2eda4cb8da96d7') in 0.028383 seconds 
  Import took 0.033615 seconds .

========================================================================
Received Import Request.
  Time since last request: 0.000324 seconds.
  path: Assets/Prefabs/Sprites/LETTERGRAM/LETTERGRAM-BARRA-CHATS.png
  artifactKey: Guid(add16d749d1435b41ab92b85b9208ab1) Importer(815301076,1909f56bfc062723c751e8b465ee728b)
Start importing Assets/Prefabs/Sprites/LETTERGRAM/LETTERGRAM-BARRA-CHATS.png using Guid(add16d749d1435b41ab92b85b9208ab1) Importer(815301076,1909f56bfc062723c751e8b465ee728b)  -> (artifact id: 'a714f4e8f8969c4a89768eb221debbb0') in 0.023053 seconds 
  Import took 0.029277 seconds .

========================================================================
Received Import Request.
  Time since last request: 0.000334 seconds.
  path: Assets/Prefabs/Sprites/LETTERGRAM/LETTERGRAM-CAJA-DE-ESCRITURA.png
  artifactKey: Guid(39e04fdb626e6a046bdad4235be2ce8e) Importer(815301076,1909f56bfc062723c751e8b465ee728b)
Start importing Assets/Prefabs/Sprites/LETTERGRAM/LETTERGRAM-CAJA-DE-ESCRITURA.png using Guid(39e04fdb626e6a046bdad4235be2ce8e) Importer(815301076,1909f56bfc062723c751e8b465ee728b)  -> (artifact id: '054d3f59010a45c05d1a3c863c4be9a8') in 0.028121 seconds 
  Import took 0.033943 seconds .

========================================================================
Received Import Request.
  Time since last request: 0.000303 seconds.
  path: Assets/Prefabs/Sprites/LETTERGRAM/LETTERGRAM-BOTON-ENVIAR.png
  artifactKey: Guid(3a6c147715f2a134fb9a4ef456b4e4d5) Importer(815301076,1909f56bfc062723c751e8b465ee728b)
Start importing Assets/Prefabs/Sprites/LETTERGRAM/LETTERGRAM-BOTON-ENVIAR.png using Guid(3a6c147715f2a134fb9a4ef456b4e4d5) Importer(815301076,1909f56bfc062723c751e8b465ee728b)  -> (artifact id: '42c121a61f735c18095b496c14693ed7') in 0.026833 seconds 
  Import took 0.033339 seconds .

========================================================================
Received Import Request.
  Time since last request: 0.000691 seconds.
  path: Assets/Prefabs/Sprites/LETTERGRAM/LETTERGRAM-TITULO-FONDO.png
  artifactKey: Guid(474742f20b157d546b4ec77e97557f65) Importer(815301076,1909f56bfc062723c751e8b465ee728b)
Start importing Assets/Prefabs/Sprites/LETTERGRAM/LETTERGRAM-TITULO-FONDO.png using Guid(474742f20b157d546b4ec77e97557f65) Importer(815301076,1909f56bfc062723c751e8b465ee728b)  -> (artifact id: 'c8c73103e8be138d58f5398d83444cfb') in 0.027882 seconds 
  Import took 0.032371 seconds .

========================================================================
Received Import Request.
  Time since last request: 0.000203 seconds.
  path: Assets/Prefabs/Sprites/LETTERGRAM/LETTERGRAM-DIALOGO-PROTA.png
  artifactKey: Guid(2fcaf221555a44e45bb1afb3c257d3fc) Importer(815301076,1909f56bfc062723c751e8b465ee728b)
Start importing Assets/Prefabs/Sprites/LETTERGRAM/LETTERGRAM-DIALOGO-PROTA.png using Guid(2fcaf221555a44e45bb1afb3c257d3fc) Importer(815301076,1909f56bfc062723c751e8b465ee728b)  -> (artifact id: 'fce121f6152b78726736b1445edc0453') in 0.021725 seconds 
  Import took 0.028673 seconds .

========================================================================
Received Import Request.
  Time since last request: 0.000279 seconds.
  path: Assets/Prefabs/Sprites/LETTERGRAM/LETTERGRAM-ENVIAR-IMAGEN.png
  artifactKey: Guid(62ecd4a591e239e40abc2d5d67dba12a) Importer(815301076,1909f56bfc062723c751e8b465ee728b)
Start importing Assets/Prefabs/Sprites/LETTERGRAM/LETTERGRAM-ENVIAR-IMAGEN.png using Guid(62ecd4a591e239e40abc2d5d67dba12a) Importer(815301076,1909f56bfc062723c751e8b465ee728b)  -> (artifact id: 'b1bcf552b3f17cec4de24e802e60ba4c') in 0.014985 seconds 
  Import took 0.019818 seconds .

========================================================================
Received Import Request.
  Time since last request: 18.301559 seconds.
  path: Assets/Prefabs/Sprites/MIAWER/0 MIAWER-SCREEN-FINAL.png
  artifactKey: Guid(cb3024887c6989e45b3b49e83a08d677) Importer(815301076,1909f56bfc062723c751e8b465ee728b)
Start importing Assets/Prefabs/Sprites/MIAWER/0 MIAWER-SCREEN-FINAL.png using Guid(cb3024887c6989e45b3b49e83a08d677) Importer(815301076,1909f56bfc062723c751e8b465ee728b)  -> (artifact id: 'f8466498dd2e44875aee50f25c59d5b6') in 0.051429 seconds 
  Import took 0.074153 seconds .

========================================================================
Received Import Request.
  Time since last request: 10.392413 seconds.
  path: Assets/Prefabs/Sprites/WHOSAPP/0 WHOSAPP-SCREEN.png
  artifactKey: Guid(15859f64e11207948ba995b411feefc9) Importer(815301076,1909f56bfc062723c751e8b465ee728b)
Start importing Assets/Prefabs/Sprites/WHOSAPP/0 WHOSAPP-SCREEN.png using Guid(15859f64e11207948ba995b411feefc9) Importer(815301076,1909f56bfc062723c751e8b465ee728b)  -> (artifact id: 'e1c17848c209a150c986df029dfbe000') in 0.026586 seconds 
  Import took 0.033821 seconds .

========================================================================
Received Import Request.
  Time since last request: 27.724654 seconds.
  path: Assets/Prefabs/Sprites/MIAWER/MIAWER-CUADRO-ESCRITURA-FONDO.png
  artifactKey: Guid(0423c6682c7dbbb4d9c8c0be4f80a995) Importer(815301076,1909f56bfc062723c751e8b465ee728b)
Start importing Assets/Prefabs/Sprites/MIAWER/MIAWER-CUADRO-ESCRITURA-FONDO.png using Guid(0423c6682c7dbbb4d9c8c0be4f80a995) Importer(815301076,1909f56bfc062723c751e8b465ee728b)  -> (artifact id: '726c6a91459f57dedeafa8bfe90583fe') in 0.029421 seconds 
  Import took 0.034040 seconds .

========================================================================
Received Import Request.
  Time since last request: 22.136268 seconds.
  path: Assets/Prefabs/Sprites/WHOSAPP/WHOSAPP-CUADRO-ESCRITURA-FONDO.png
  artifactKey: Guid(559813e054b6da744bff7149a401506e) Importer(815301076,1909f56bfc062723c751e8b465ee728b)
Start importing Assets/Prefabs/Sprites/WHOSAPP/WHOSAPP-CUADRO-ESCRITURA-FONDO.png using Guid(559813e054b6da744bff7149a401506e) Importer(815301076,1909f56bfc062723c751e8b465ee728b)  -> (artifact id: '7950221d961869ce4324839f35133754') in 0.042878 seconds 
  Import took 0.049078 seconds .

AssetImportWorkerClient::OnTransportError - code=2 error=End of file
